Detecting C compiler ABI info failed to compile with the following output:
Change Dir: /home/nico/CLionProjects/screenshot_tool/build/windows/CMakeFiles/CMakeTmp

Run Build Command(s):/usr/bin/make -f Makefile cmTC_0df49/fast && /usr/bin/make  -f CMakeFiles/cmTC_0df49.dir/build.make CMakeFiles/cmTC_0df49.dir/build
make[1]: Entering directory '/home/nico/CLionProjects/screenshot_tool/build/windows/CMakeFiles/CMakeTmp'
Building C object CMakeFiles/cmTC_0df49.dir/CMakeCCompilerABI.c.obj
/usr/bin/i686-w64-mingw32-gcc   -v -o CMakeFiles/cmTC_0df49.dir/CMakeCCompilerABI.c.obj -c /usr/share/cmake-3.20/Modules/CMakeCCompilerABI.c
Using built-in specs.
COLLECT_GCC=/usr/bin/i686-w64-mingw32-gcc
Target: i686-w64-mingw32
Configured with: /build/mingw-w64-gcc/src/gcc/configure --prefix=/usr --libexecdir=/usr/lib --target=i686-w64-mingw32 --with-bugurl=https://bugs.archlinux.org/ --enable-languages=c,lto,c++,ada,objc,obj-c++,fortran --enable-shared --enable-static --enable-threads=posix --enable-fully-dynamic-string --enable-libstdcxx-time=yes --enable-libstdcxx-filesystem-ts=yes --with-system-zlib --enable-cloog-backend=isl --enable-lto --enable-libgomp --disable-multilib --enable-checking=release --disable-sjlj-exceptions --with-dwarf2
Thread model: posix
Supported LTO compression algorithms: zlib zstd
gcc version 10.2.0 (GCC) 
COLLECT_GCC_OPTIONS='-v' '-o' 'CMakeFiles/cmTC_0df49.dir/CMakeCCompilerABI.c.obj' '-c' '-mtune=generic' '-march=pentiumpro'
 /usr/lib/gcc/i686-w64-mingw32/10.2.0/cc1 -quiet -v -D_REENTRANT /usr/share/cmake-3.20/Modules/CMakeCCompilerABI.c -quiet -dumpbase CMakeCCompilerABI.c -mtune=generic -march=pentiumpro -auxbase-strip CMakeFiles/cmTC_0df49.dir/CMakeCCompilerABI.c.obj -version -o /tmp/ccGxUjnb.s
GNU C17 (GCC) version 10.2.0 (i686-w64-mingw32)
	compiled by GNU C version 10.2.0, GMP version 6.2.0, MPFR version 4.1.0, MPC version 1.1.0, isl version isl-0.21-GMP

warning: GMP header version 6.2.0 differs from library version 6.2.1.
warning: MPC header version 1.1.0 differs from library version 1.2.1.
GGC heuristics: --param ggc-min-expand=100 --param ggc-min-heapsize=131072
ignoring nonexistent directory "/usr/lib/gcc/i686-w64-mingw32/10.2.0/../../../../i686-w64-mingw32/sys-include"
#include "..." search starts here:
#include <...> search starts here:
 /usr/lib/gcc/i686-w64-mingw32/10.2.0/include
 /usr/lib/gcc/i686-w64-mingw32/10.2.0/include-fixed
 /usr/lib/gcc/i686-w64-mingw32/10.2.0/../../../../i686-w64-mingw32/include
End of search list.
GNU C17 (GCC) version 10.2.0 (i686-w64-mingw32)
	compiled by GNU C version 10.2.0, GMP version 6.2.0, MPFR version 4.1.0, MPC version 1.1.0, isl version isl-0.21-GMP

warning: GMP header version 6.2.0 differs from library version 6.2.1.
warning: MPC header version 1.1.0 differs from library version 1.2.1.
GGC heuristics: --param ggc-min-expand=100 --param ggc-min-heapsize=131072
Compiler executable checksum: ded9fca0c6f5f53dad787dacd8ef9b9f
COLLECT_GCC_OPTIONS='-v' '-o' 'CMakeFiles/cmTC_0df49.dir/CMakeCCompilerABI.c.obj' '-c' '-mtune=generic' '-march=pentiumpro'
 /usr/lib/gcc/i686-w64-mingw32/10.2.0/../../../../i686-w64-mingw32/bin/as -v -o CMakeFiles/cmTC_0df49.dir/CMakeCCompilerABI.c.obj /tmp/ccGxUjnb.s
GNU assembler version 2.35.1 (i686-w64-mingw32) using BFD version (GNU Binutils) 2.35.1
COMPILER_PATH=/usr/lib/gcc/i686-w64-mingw32/10.2.0/:/usr/lib/gcc/i686-w64-mingw32/10.2.0/:/usr/lib/gcc/i686-w64-mingw32/:/usr/lib/gcc/i686-w64-mingw32/10.2.0/:/usr/lib/gcc/i686-w64-mingw32/:/usr/lib/gcc/i686-w64-mingw32/10.2.0/../../../../i686-w64-mingw32/bin/
LIBRARY_PATH=/usr/lib/gcc/i686-w64-mingw32/10.2.0/:/usr/lib/gcc/i686-w64-mingw32/10.2.0/../../../../i686-w64-mingw32/lib/../lib/:/usr/lib/gcc/i686-w64-mingw32/10.2.0/../../../../i686-w64-mingw32/lib/
COLLECT_GCC_OPTIONS='-v' '-o' 'CMakeFiles/cmTC_0df49.dir/CMakeCCompilerABI.c.obj' '-c' '-mtune=generic' '-march=pentiumpro'
Linking C executable cmTC_0df49
/usr/bin/cmake -E cmake_link_script CMakeFiles/cmTC_0df49.dir/link.txt --verbose=1
/usr/bin/i686-w64-mingw32-gcc  -v CMakeFiles/cmTC_0df49.dir/CMakeCCompilerABI.c.obj -o cmTC_0df49 
Using built-in specs.
COLLECT_GCC=/usr/bin/i686-w64-mingw32-gcc
COLLECT_LTO_WRAPPER=/usr/lib/gcc/i686-w64-mingw32/10.2.0/lto-wrapper
Target: i686-w64-mingw32
Configured with: /build/mingw-w64-gcc/src/gcc/configure --prefix=/usr --libexecdir=/usr/lib --target=i686-w64-mingw32 --with-bugurl=https://bugs.archlinux.org/ --enable-languages=c,lto,c++,ada,objc,obj-c++,fortran --enable-shared --enable-static --enable-threads=posix --enable-fully-dynamic-string --enable-libstdcxx-time=yes --enable-libstdcxx-filesystem-ts=yes --with-system-zlib --enable-cloog-backend=isl --enable-lto --enable-libgomp --disable-multilib --enable-checking=release --disable-sjlj-exceptions --with-dwarf2
Thread model: posix
Supported LTO compression algorithms: zlib zstd
gcc version 10.2.0 (GCC) 
COMPILER_PATH=/usr/lib/gcc/i686-w64-mingw32/10.2.0/:/usr/lib/gcc/i686-w64-mingw32/10.2.0/:/usr/lib/gcc/i686-w64-mingw32/:/usr/lib/gcc/i686-w64-mingw32/10.2.0/:/usr/lib/gcc/i686-w64-mingw32/:/usr/lib/gcc/i686-w64-mingw32/10.2.0/../../../../i686-w64-mingw32/bin/
LIBRARY_PATH=/usr/lib/gcc/i686-w64-mingw32/10.2.0/:/usr/lib/gcc/i686-w64-mingw32/10.2.0/../../../../i686-w64-mingw32/lib/../lib/:/usr/lib/gcc/i686-w64-mingw32/10.2.0/../../../../i686-w64-mingw32/lib/
COLLECT_GCC_OPTIONS='-v' '-o' 'cmTC_0df49.exe' '-mtune=generic' '-march=pentiumpro'
 /usr/lib/gcc/i686-w64-mingw32/10.2.0/collect2 -plugin /usr/lib/gcc/i686-w64-mingw32/10.2.0/liblto_plugin.so -plugin-opt=/usr/lib/gcc/i686-w64-mingw32/10.2.0/lto-wrapper -plugin-opt=-fresolution=/tmp/ccdlDdTb.res -plugin-opt=-pass-through=-lmingw32 -plugin-opt=-pass-through=-lgcc -plugin-opt=-pass-through=-lgcc_eh -plugin-opt=-pass-through=-lmoldname -plugin-opt=-pass-through=-lmingwex -plugin-opt=-pass-through=-lmsvcrt -plugin-opt=-pass-through=-lpthread -plugin-opt=-pass-through=-ladvapi32 -plugin-opt=-pass-through=-lshell32 -plugin-opt=-pass-through=-luser32 -plugin-opt=-pass-through=-lkernel32 -plugin-opt=-pass-through=-lmingw32 -plugin-opt=-pass-through=-lgcc -plugin-opt=-pass-through=-lgcc_eh -plugin-opt=-pass-through=-lmoldname -plugin-opt=-pass-through=-lmingwex -plugin-opt=-pass-through=-lmsvcrt -m i386pe -Bdynamic -o cmTC_0df49.exe /usr/lib/gcc/i686-w64-mingw32/10.2.0/../../../../i686-w64-mingw32/lib/../lib/crt2.o /usr/lib/gcc/i686-w64-mingw32/10.2.0/crtbegin.o -L/usr/lib/gcc/i686-w64-mingw32/10.2.0 -L/usr/lib/gcc/i686-w64-mingw32/10.2.0/../../../../i686-w64-mingw32/lib/../lib -L/usr/lib/gcc/i686-w64-mingw32/10.2.0/../../../../i686-w64-mingw32/lib CMakeFiles/cmTC_0df49.dir/CMakeCCompilerABI.c.obj -lmingw32 -lgcc -lgcc_eh -lmoldname -lmingwex -lmsvcrt -lpthread -ladvapi32 -lshell32 -luser32 -lkernel32 -lmingw32 -lgcc -lgcc_eh -lmoldname -lmingwex -lmsvcrt /usr/lib/gcc/i686-w64-mingw32/10.2.0/crtend.o
COLLECT_GCC_OPTIONS='-v' '-o' 'cmTC_0df49.exe' '-mtune=generic' '-march=pentiumpro'
make[1]: Leaving directory '/home/nico/CLionProjects/screenshot_tool/build/windows/CMakeFiles/CMakeTmp'


Cannot copy output executable
  ''
to destination specified by COPY_FILE:
  '/home/nico/CLionProjects/screenshot_tool/build/windows/CMakeFiles/3.20.2/CMakeDetermineCompilerABI_C.bin'
Unable to find the executable at any of:
  /home/nico/CLionProjects/screenshot_tool/build/windows/CMakeFiles/CMakeTmp/cmTC_0df49
  /home/nico/CLionProjects/screenshot_tool/build/windows/CMakeFiles/CMakeTmp/Debug/cmTC_0df49
  /home/nico/CLionProjects/screenshot_tool/build/windows/CMakeFiles/CMakeTmp/Development/cmTC_0df49


Detecting CXX compiler ABI info failed to compile with the following output:
Change Dir: /home/nico/CLionProjects/screenshot_tool/build/windows/CMakeFiles/CMakeTmp

Run Build Command(s):/usr/bin/make -f Makefile cmTC_73e44/fast && /usr/bin/make  -f CMakeFiles/cmTC_73e44.dir/build.make CMakeFiles/cmTC_73e44.dir/build
make[1]: Entering directory '/home/nico/CLionProjects/screenshot_tool/build/windows/CMakeFiles/CMakeTmp'
Building CXX object CMakeFiles/cmTC_73e44.dir/CMakeCXXCompilerABI.cpp.obj
/usr/bin/i686-w64-mingw32-g++   -v -o CMakeFiles/cmTC_73e44.dir/CMakeCXXCompilerABI.cpp.obj -c /usr/share/cmake-3.20/Modules/CMakeCXXCompilerABI.cpp
Using built-in specs.
COLLECT_GCC=/usr/bin/i686-w64-mingw32-g++
Target: i686-w64-mingw32
Configured with: /build/mingw-w64-gcc/src/gcc/configure --prefix=/usr --libexecdir=/usr/lib --target=i686-w64-mingw32 --with-bugurl=https://bugs.archlinux.org/ --enable-languages=c,lto,c++,ada,objc,obj-c++,fortran --enable-shared --enable-static --enable-threads=posix --enable-fully-dynamic-string --enable-libstdcxx-time=yes --enable-libstdcxx-filesystem-ts=yes --with-system-zlib --enable-cloog-backend=isl --enable-lto --enable-libgomp --disable-multilib --enable-checking=release --disable-sjlj-exceptions --with-dwarf2
Thread model: posix
Supported LTO compression algorithms: zlib zstd
gcc version 10.2.0 (GCC) 
COLLECT_GCC_OPTIONS='-v' '-o' 'CMakeFiles/cmTC_73e44.dir/CMakeCXXCompilerABI.cpp.obj' '-c' '-shared-libgcc' '-mtune=generic' '-march=pentiumpro'
 /usr/lib/gcc/i686-w64-mingw32/10.2.0/cc1plus -quiet -v -D_REENTRANT /usr/share/cmake-3.20/Modules/CMakeCXXCompilerABI.cpp -quiet -dumpbase CMakeCXXCompilerABI.cpp -mtune=generic -march=pentiumpro -auxbase-strip CMakeFiles/cmTC_73e44.dir/CMakeCXXCompilerABI.cpp.obj -version -o /tmp/cc0BdDBz.s
GNU C++14 (GCC) version 10.2.0 (i686-w64-mingw32)
	compiled by GNU C version 10.2.0, GMP version 6.2.0, MPFR version 4.1.0, MPC version 1.1.0, isl version isl-0.21-GMP

warning: GMP header version 6.2.0 differs from library version 6.2.1.
warning: MPC header version 1.1.0 differs from library version 1.2.1.
GGC heuristics: --param ggc-min-expand=100 --param ggc-min-heapsize=131072
ignoring nonexistent directory "/usr/lib/gcc/i686-w64-mingw32/10.2.0/../../../../i686-w64-mingw32/sys-include"
#include "..." search starts here:
#include <...> search starts here:
 /usr/lib/gcc/i686-w64-mingw32/10.2.0/../../../../i686-w64-mingw32/include/c++/10.2.0
 /usr/lib/gcc/i686-w64-mingw32/10.2.0/../../../../i686-w64-mingw32/include/c++/10.2.0/i686-w64-mingw32
 /usr/lib/gcc/i686-w64-mingw32/10.2.0/../../../../i686-w64-mingw32/include/c++/10.2.0/backward
 /usr/lib/gcc/i686-w64-mingw32/10.2.0/include
 /usr/lib/gcc/i686-w64-mingw32/10.2.0/include-fixed
 /usr/lib/gcc/i686-w64-mingw32/10.2.0/../../../../i686-w64-mingw32/include
End of search list.
GNU C++14 (GCC) version 10.2.0 (i686-w64-mingw32)
	compiled by GNU C version 10.2.0, GMP version 6.2.0, MPFR version 4.1.0, MPC version 1.1.0, isl version isl-0.21-GMP

warning: GMP header version 6.2.0 differs from library version 6.2.1.
warning: MPC header version 1.1.0 differs from library version 1.2.1.
GGC heuristics: --param ggc-min-expand=100 --param ggc-min-heapsize=131072
Compiler executable checksum: ca27e8c45dea2542737526231465b2dc
COLLECT_GCC_OPTIONS='-v' '-o' 'CMakeFiles/cmTC_73e44.dir/CMakeCXXCompilerABI.cpp.obj' '-c' '-shared-libgcc' '-mtune=generic' '-march=pentiumpro'
 /usr/lib/gcc/i686-w64-mingw32/10.2.0/../../../../i686-w64-mingw32/bin/as -v -o CMakeFiles/cmTC_73e44.dir/CMakeCXXCompilerABI.cpp.obj /tmp/cc0BdDBz.s
GNU assembler version 2.35.1 (i686-w64-mingw32) using BFD version (GNU Binutils) 2.35.1
COMPILER_PATH=/usr/lib/gcc/i686-w64-mingw32/10.2.0/:/usr/lib/gcc/i686-w64-mingw32/10.2.0/:/usr/lib/gcc/i686-w64-mingw32/:/usr/lib/gcc/i686-w64-mingw32/10.2.0/:/usr/lib/gcc/i686-w64-mingw32/:/usr/lib/gcc/i686-w64-mingw32/10.2.0/../../../../i686-w64-mingw32/bin/
LIBRARY_PATH=/usr/lib/gcc/i686-w64-mingw32/10.2.0/:/usr/lib/gcc/i686-w64-mingw32/10.2.0/../../../../i686-w64-mingw32/lib/../lib/:/usr/lib/gcc/i686-w64-mingw32/10.2.0/../../../../i686-w64-mingw32/lib/
COLLECT_GCC_OPTIONS='-v' '-o' 'CMakeFiles/cmTC_73e44.dir/CMakeCXXCompilerABI.cpp.obj' '-c' '-shared-libgcc' '-mtune=generic' '-march=pentiumpro'
Linking CXX executable cmTC_73e44
/usr/bin/cmake -E cmake_link_script CMakeFiles/cmTC_73e44.dir/link.txt --verbose=1
/usr/bin/i686-w64-mingw32-g++  -v CMakeFiles/cmTC_73e44.dir/CMakeCXXCompilerABI.cpp.obj -o cmTC_73e44 
Using built-in specs.
COLLECT_GCC=/usr/bin/i686-w64-mingw32-g++
COLLECT_LTO_WRAPPER=/usr/lib/gcc/i686-w64-mingw32/10.2.0/lto-wrapper
Target: i686-w64-mingw32
Configured with: /build/mingw-w64-gcc/src/gcc/configure --prefix=/usr --libexecdir=/usr/lib --target=i686-w64-mingw32 --with-bugurl=https://bugs.archlinux.org/ --enable-languages=c,lto,c++,ada,objc,obj-c++,fortran --enable-shared --enable-static --enable-threads=posix --enable-fully-dynamic-string --enable-libstdcxx-time=yes --enable-libstdcxx-filesystem-ts=yes --with-system-zlib --enable-cloog-backend=isl --enable-lto --enable-libgomp --disable-multilib --enable-checking=release --disable-sjlj-exceptions --with-dwarf2
Thread model: posix
Supported LTO compression algorithms: zlib zstd
gcc version 10.2.0 (GCC) 
COMPILER_PATH=/usr/lib/gcc/i686-w64-mingw32/10.2.0/:/usr/lib/gcc/i686-w64-mingw32/10.2.0/:/usr/lib/gcc/i686-w64-mingw32/:/usr/lib/gcc/i686-w64-mingw32/10.2.0/:/usr/lib/gcc/i686-w64-mingw32/:/usr/lib/gcc/i686-w64-mingw32/10.2.0/../../../../i686-w64-mingw32/bin/
LIBRARY_PATH=/usr/lib/gcc/i686-w64-mingw32/10.2.0/:/usr/lib/gcc/i686-w64-mingw32/10.2.0/../../../../i686-w64-mingw32/lib/../lib/:/usr/lib/gcc/i686-w64-mingw32/10.2.0/../../../../i686-w64-mingw32/lib/
COLLECT_GCC_OPTIONS='-v' '-o' 'cmTC_73e44.exe' '-shared-libgcc' '-mtune=generic' '-march=pentiumpro'
 /usr/lib/gcc/i686-w64-mingw32/10.2.0/collect2 -plugin /usr/lib/gcc/i686-w64-mingw32/10.2.0/liblto_plugin.so -plugin-opt=/usr/lib/gcc/i686-w64-mingw32/10.2.0/lto-wrapper -plugin-opt=-fresolution=/tmp/cctCDFA9.res -plugin-opt=-pass-through=-lmingw32 -plugin-opt=-pass-through=-lgcc_s -plugin-opt=-pass-through=-lgcc -plugin-opt=-pass-through=-lmoldname -plugin-opt=-pass-through=-lmingwex -plugin-opt=-pass-through=-lmsvcrt -plugin-opt=-pass-through=-lpthread -plugin-opt=-pass-through=-ladvapi32 -plugin-opt=-pass-through=-lshell32 -plugin-opt=-pass-through=-luser32 -plugin-opt=-pass-through=-lkernel32 -plugin-opt=-pass-through=-lmingw32 -plugin-opt=-pass-through=-lgcc_s -plugin-opt=-pass-through=-lgcc -plugin-opt=-pass-through=-lmoldname -plugin-opt=-pass-through=-lmingwex -plugin-opt=-pass-through=-lmsvcrt -m i386pe -Bdynamic -u ___register_frame_info -u ___deregister_frame_info -o cmTC_73e44.exe /usr/lib/gcc/i686-w64-mingw32/10.2.0/../../../../i686-w64-mingw32/lib/../lib/crt2.o /usr/lib/gcc/i686-w64-mingw32/10.2.0/crtbegin.o -L/usr/lib/gcc/i686-w64-mingw32/10.2.0 -L/usr/lib/gcc/i686-w64-mingw32/10.2.0/../../../../i686-w64-mingw32/lib/../lib -L/usr/lib/gcc/i686-w64-mingw32/10.2.0/../../../../i686-w64-mingw32/lib CMakeFiles/cmTC_73e44.dir/CMakeCXXCompilerABI.cpp.obj -lstdc++ -lmingw32 -lgcc_s -lgcc -lmoldname -lmingwex -lmsvcrt -lpthread -ladvapi32 -lshell32 -luser32 -lkernel32 -lmingw32 -lgcc_s -lgcc -lmoldname -lmingwex -lmsvcrt /usr/lib/gcc/i686-w64-mingw32/10.2.0/crtend.o
COLLECT_GCC_OPTIONS='-v' '-o' 'cmTC_73e44.exe' '-shared-libgcc' '-mtune=generic' '-march=pentiumpro'
make[1]: Leaving directory '/home/nico/CLionProjects/screenshot_tool/build/windows/CMakeFiles/CMakeTmp'


Cannot copy output executable
  ''
to destination specified by COPY_FILE:
  '/home/nico/CLionProjects/screenshot_tool/build/windows/CMakeFiles/3.20.2/CMakeDetermineCompilerABI_CXX.bin'
Unable to find the executable at any of:
  /home/nico/CLionProjects/screenshot_tool/build/windows/CMakeFiles/CMakeTmp/cmTC_73e44
  /home/nico/CLionProjects/screenshot_tool/build/windows/CMakeFiles/CMakeTmp/Debug/cmTC_73e44
  /home/nico/CLionProjects/screenshot_tool/build/windows/CMakeFiles/CMakeTmp/Development/cmTC_73e44


